<?xml version="1.0" encoding="UTF-8"?>
<!-- Generated by org.testng.reporters.JUnitReportReporter -->
<testsuite hostname="Danish" failures="0" tests="1" name="TestCases.TestCase02" time="4.351" errors="0" timestamp="2025-09-27T19:25:08 IST" skipped="0">
  <testcase classname="TestCases.TestCase02" name="iphone_addcart_StatusCheck" time="4.351"/>
  <system-out/>
</testsuite> <!-- TestCases.TestCase02 -->
