<?xml version="1.0" encoding="UTF-8"?>
<!-- Generated by org.testng.reporters.JUnitReportReporter -->
<testsuite hostname="Danish" failures="0" tests="6" name="TestCases.TestCase01" time="17.689" errors="0" timestamp="2025-09-28T19:16:57 IST" skipped="0">
  <testcase classname="TestCases.TestCase01" name="test001" time="2.644"/>
  <testcase classname="TestCases.TestCase01" name="test001" time="2.848"/>
  <testcase classname="TestCases.TestCase01" name="test001" time="3.752"/>
  <testcase classname="TestCases.TestCase01" name="test001" time="2.568"/>
  <testcase classname="TestCases.TestCase01" name="test001" time="2.621"/>
  <testcase classname="TestCases.TestCase01" name="test001" time="3.256"/>
</testsuite> <!-- TestCases.TestCase01 -->
