<?xml version="1.0" encoding="UTF-8"?>
<!-- Generated by org.testng.reporters.JUnitReportReporter -->
<testsuite hostname="Danish" failures="0" tests="6" name="TestCases.TestCase01" time="19.403" errors="0" timestamp="2025-09-28T16:07:05 IST" skipped="0">
  <testcase classname="TestCases.TestCase01" name="test001" time="3.025"/>
  <testcase classname="TestCases.TestCase01" name="test001" time="3.253"/>
  <testcase classname="TestCases.TestCase01" name="test001" time="2.926"/>
  <testcase classname="TestCases.TestCase01" name="test001" time="4.008"/>
  <testcase classname="TestCases.TestCase01" name="test001" time="3.104"/>
  <testcase classname="TestCases.TestCase01" name="test001" time="3.087"/>
</testsuite> <!-- TestCases.TestCase01 -->
